mode: set
backend_course/lms/storage/postgres/postgres.go:57.76,62.16 3 0
backend_course/lms/storage/postgres/postgres.go:62.16,64.3 1 0
backend_course/lms/storage/postgres/postgres.go:65.2,69.16 4 0
backend_course/lms/storage/postgres/postgres.go:69.16,71.3 1 0
backend_course/lms/storage/postgres/postgres.go:73.2,75.8 1 0
backend_course/lms/storage/postgres/postgres.go:78.26,80.2 1 0
backend_course/lms/storage/postgres/postgres.go:82.56,86.2 2 0
backend_course/lms/storage/postgres/postgres.go:88.56,92.2 2 0
backend_course/lms/storage/postgres/postgres.go:94.56,98.2 2 0
backend_course/lms/storage/postgres/postgres.go:100.60,104.2 2 0
backend_course/lms/storage/postgres/student.go:18.47,22.2 1 1
backend_course/lms/storage/postgres/student.go:24.91,49.16 4 1
backend_course/lms/storage/postgres/student.go:49.16,51.3 1 0
backend_course/lms/storage/postgres/student.go:53.2,53.25 1 1
backend_course/lms/storage/postgres/student.go:56.87,76.16 3 1
backend_course/lms/storage/postgres/student.go:76.16,78.3 1 0
backend_course/lms/storage/postgres/student.go:80.2,80.16 1 1
backend_course/lms/storage/postgres/student.go:83.103,88.22 5 0
backend_course/lms/storage/postgres/student.go:88.22,90.3 1 0
backend_course/lms/storage/postgres/student.go:92.2,103.16 3 0
backend_course/lms/storage/postgres/student.go:103.16,105.3 1 0
backend_course/lms/storage/postgres/student.go:106.2,106.18 1 0
backend_course/lms/storage/postgres/student.go:106.18,117.26 2 0
backend_course/lms/storage/postgres/student.go:117.26,119.4 1 0
backend_course/lms/storage/postgres/student.go:121.3,124.49 3 0
backend_course/lms/storage/postgres/student.go:127.2,128.16 2 0
backend_course/lms/storage/postgres/student.go:128.16,130.3 1 0
backend_course/lms/storage/postgres/student.go:132.2,132.18 1 0
backend_course/lms/storage/postgres/student.go:135.85,161.16 7 1
backend_course/lms/storage/postgres/student.go:161.16,163.3 1 1
backend_course/lms/storage/postgres/student.go:164.2,166.21 2 1
backend_course/lms/storage/postgres/student.go:169.57,174.16 3 1
backend_course/lms/storage/postgres/student.go:174.16,176.3 1 0
backend_course/lms/storage/postgres/student.go:177.2,177.16 1 1
backend_course/lms/storage/postgres/student.go:180.79,183.16 3 1
backend_course/lms/storage/postgres/student.go:183.16,185.3 1 0
backend_course/lms/storage/postgres/student.go:187.2,187.24 1 1
backend_course/lms/storage/postgres/subject.go:17.47,21.2 1 1
backend_course/lms/storage/postgres/subject.go:23.70,39.16 4 1
backend_course/lms/storage/postgres/subject.go:39.16,41.3 1 0
backend_course/lms/storage/postgres/subject.go:43.2,43.25 1 1
backend_course/lms/storage/postgres/subject.go:46.81,56.16 3 1
backend_course/lms/storage/postgres/subject.go:56.16,58.3 1 0
backend_course/lms/storage/postgres/subject.go:60.2,60.16 1 1
backend_course/lms/storage/postgres/subject.go:63.76,84.16 5 1
backend_course/lms/storage/postgres/subject.go:84.16,86.3 1 1
backend_course/lms/storage/postgres/subject.go:87.2,89.21 2 1
backend_course/lms/storage/postgres/subject.go:92.103,105.16 6 0
backend_course/lms/storage/postgres/subject.go:105.16,107.3 1 0
backend_course/lms/storage/postgres/subject.go:108.2,108.18 1 0
backend_course/lms/storage/postgres/subject.go:108.18,115.26 2 0
backend_course/lms/storage/postgres/subject.go:115.26,117.4 1 0
backend_course/lms/storage/postgres/subject.go:119.3,121.49 2 0
backend_course/lms/storage/postgres/subject.go:124.2,125.16 2 0
backend_course/lms/storage/postgres/subject.go:125.16,127.3 1 0
backend_course/lms/storage/postgres/subject.go:129.2,129.18 1 0
backend_course/lms/storage/postgres/subject.go:132.57,137.16 3 1
backend_course/lms/storage/postgres/subject.go:137.16,139.3 1 0
backend_course/lms/storage/postgres/subject.go:140.2,140.16 1 1
backend_course/lms/storage/postgres/teacher.go:17.47,21.2 1 1
backend_course/lms/storage/postgres/teacher.go:23.70,45.16 4 1
backend_course/lms/storage/postgres/teacher.go:45.16,47.3 1 0
backend_course/lms/storage/postgres/teacher.go:49.2,49.25 1 1
backend_course/lms/storage/postgres/teacher.go:52.81,70.16 3 1
backend_course/lms/storage/postgres/teacher.go:70.16,72.3 1 0
backend_course/lms/storage/postgres/teacher.go:74.2,74.16 1 1
backend_course/lms/storage/postgres/teacher.go:77.103,82.22 4 0
backend_course/lms/storage/postgres/teacher.go:82.22,84.3 1 0
backend_course/lms/storage/postgres/teacher.go:86.2,95.16 3 0
backend_course/lms/storage/postgres/teacher.go:95.16,97.3 1 0
backend_course/lms/storage/postgres/teacher.go:98.2,98.18 1 0
backend_course/lms/storage/postgres/teacher.go:98.18,107.37 2 0
backend_course/lms/storage/postgres/teacher.go:107.37,109.4 1 0
backend_course/lms/storage/postgres/teacher.go:111.3,112.49 2 0
backend_course/lms/storage/postgres/teacher.go:115.2,116.16 2 0
backend_course/lms/storage/postgres/teacher.go:116.16,118.3 1 0
backend_course/lms/storage/postgres/teacher.go:120.2,120.18 1 0
backend_course/lms/storage/postgres/teacher.go:123.76,147.16 6 1
backend_course/lms/storage/postgres/teacher.go:147.16,149.3 1 1
backend_course/lms/storage/postgres/teacher.go:150.2,152.21 2 1
backend_course/lms/storage/postgres/teacher.go:155.57,160.16 3 1
backend_course/lms/storage/postgres/teacher.go:160.16,162.3 1 0
backend_course/lms/storage/postgres/teacher.go:163.2,163.16 1 1
backend_course/lms/storage/postgres/timetable.go:17.51,21.2 1 1
backend_course/lms/storage/postgres/timetable.go:23.76,44.16 4 1
backend_course/lms/storage/postgres/timetable.go:44.16,46.3 1 0
backend_course/lms/storage/postgres/timetable.go:48.2,48.25 1 1
backend_course/lms/storage/postgres/timetable.go:51.87,68.16 3 0
backend_course/lms/storage/postgres/timetable.go:68.16,70.3 1 0
backend_course/lms/storage/postgres/timetable.go:72.2,72.16 1 0
backend_course/lms/storage/postgres/timetable.go:121.82,152.16 6 1
backend_course/lms/storage/postgres/timetable.go:152.16,154.3 1 0
backend_course/lms/storage/postgres/timetable.go:155.2,158.23 3 1
backend_course/lms/storage/postgres/timetable.go:161.59,166.16 3 1
backend_course/lms/storage/postgres/timetable.go:166.16,168.3 1 0
backend_course/lms/storage/postgres/timetable.go:169.2,169.16 1 1
